Started GET "/" for ::1 at 2021-01-04 18:30:55 -0800

ActiveRecord::NoDatabaseError - FATAL:  database "cats_api_development" does not exist:

Started POST "/__better_errors/cf9ca0da13f23f13/variables" for ::1 at 2021-01-04 18:30:55 -0800
Started GET "/cats" for ::1 at 2021-01-04 18:30:57 -0800

ActiveRecord::NoDatabaseError - FATAL:  database "cats_api_development" does not exist:

Started POST "/__better_errors/468a8f4a5ee931b7/variables" for ::1 at 2021-01-04 18:30:57 -0800
  [1m[35m (54.2ms)[0m  [1m[35mCREATE DATABASE "cats_api_development" ENCODING = 'unicode'[0m
  ↳ bin/rails:9
  [1m[35m (50.2ms)[0m  [1m[35mCREATE DATABASE "cats_api_test" ENCODING = 'unicode'[0m
  ↳ bin/rails:9
  [1m[35m (10.5ms)[0m  [1m[35mCREATE TABLE "schema_migrations" ("version" character varying NOT NULL PRIMARY KEY)[0m
  ↳ bin/rails:9
  [1m[35m (3.7ms)[0m  [1m[35mCREATE TABLE "ar_internal_metadata" ("key" character varying NOT NULL PRIMARY KEY, "value" character varying, "created_at" timestamp NOT NULL, "updated_at" timestamp NOT NULL)[0m
  ↳ bin/rails:9
  [1m[35m (0.2ms)[0m  [1m[34mSELECT pg_try_advisory_lock(8723997314899073970)[0m
  ↳ bin/rails:9
  [1m[35m (0.4ms)[0m  [1m[34mSELECT "schema_migrations"."version" FROM "schema_migrations" ORDER BY "schema_migrations"."version" ASC[0m
  ↳ bin/rails:9
Migrating to CreateCats (20210105033109)
  [1m[35m (0.1ms)[0m  [1m[35mBEGIN[0m
  ↳ bin/rails:9
  [1m[35m (4.9ms)[0m  [1m[35mCREATE TABLE "cats" ("id" bigserial primary key, "name" character varying NOT NULL, "created_at" timestamp NOT NULL, "updated_at" timestamp NOT NULL)[0m
  ↳ db/migrate/20210105033109_create_cats.rb:3
  [1m[36mActiveRecord::SchemaMigration Create (0.4ms)[0m  [1m[32mINSERT INTO "schema_migrations" ("version") VALUES ($1) RETURNING "version"[0m  [["version", "20210105033109"]]
  ↳ bin/rails:9
  [1m[35m (0.8ms)[0m  [1m[35mCOMMIT[0m
  ↳ bin/rails:9
  [1m[36mActiveRecord::InternalMetadata Load (0.3ms)[0m  [1m[34mSELECT  "ar_internal_metadata".* FROM "ar_internal_metadata" WHERE "ar_internal_metadata"."key" = $1 LIMIT $2[0m  [["key", "environment"], ["LIMIT", 1]]
  ↳ bin/rails:9
  [1m[35m (0.1ms)[0m  [1m[35mBEGIN[0m
  ↳ bin/rails:9
  [1m[36mActiveRecord::InternalMetadata Create (0.5ms)[0m  [1m[32mINSERT INTO "ar_internal_metadata" ("key", "value", "created_at", "updated_at") VALUES ($1, $2, $3, $4) RETURNING "key"[0m  [["key", "environment"], ["value", "development"], ["created_at", "2021-01-05 03:34:27.835236"], ["updated_at", "2021-01-05 03:34:27.835236"]]
  ↳ bin/rails:9
  [1m[35m (0.6ms)[0m  [1m[35mCOMMIT[0m
  ↳ bin/rails:9
  [1m[35m (0.2ms)[0m  [1m[34mSELECT pg_advisory_unlock(8723997314899073970)[0m
  ↳ bin/rails:9
  [1m[35m (0.2ms)[0m  [1m[34mSELECT "schema_migrations"."version" FROM "schema_migrations" ORDER BY "schema_migrations"."version" ASC[0m
  ↳ bin/rails:9
  [1m[35m (0.4ms)[0m  [1m[34mSELECT "schema_migrations"."version" FROM "schema_migrations" ORDER BY "schema_migrations"."version" ASC[0m
  ↳ bin/rails:9
  [1m[35m (0.1ms)[0m  [1m[35mBEGIN[0m
  [1m[36mCat Create (0.6ms)[0m  [1m[32mINSERT INTO "cats" ("name", "created_at", "updated_at") VALUES ($1, $2, $3) RETURNING "id"[0m  [["name", "Markov"], ["created_at", "2021-01-05 03:53:19.787414"], ["updated_at", "2021-01-05 03:53:19.787414"]]
  [1m[35m (71.2ms)[0m  [1m[35mCOMMIT[0m
  [1m[35m (0.2ms)[0m  [1m[35mBEGIN[0m
  [1m[36mCat Create (0.4ms)[0m  [1m[32mINSERT INTO "cats" ("name", "created_at", "updated_at") VALUES ($1, $2, $3) RETURNING "id"[0m  [["name", "Gizmo"], ["created_at", "2021-01-05 03:53:26.462563"], ["updated_at", "2021-01-05 03:53:26.462563"]]
  [1m[35m (0.6ms)[0m  [1m[35mCOMMIT[0m
  [1m[35m (0.2ms)[0m  [1m[35mBEGIN[0m
  [1m[36mCat Create (0.4ms)[0m  [1m[32mINSERT INTO "cats" ("name", "created_at", "updated_at") VALUES ($1, $2, $3) RETURNING "id"[0m  [["name", "Breakfast"], ["created_at", "2021-01-05 03:53:32.434218"], ["updated_at", "2021-01-05 03:53:32.434218"]]
  [1m[35m (5.5ms)[0m  [1m[35mCOMMIT[0m
Started GET "/" for ::1 at 2021-01-04 19:55:45 -0800
  [1m[35m (0.6ms)[0m  [1m[34mSELECT "schema_migrations"."version" FROM "schema_migrations" ORDER BY "schema_migrations"."version" ASC[0m
  ↳ /home/roger/.rbenv/versions/2.5.1/lib/ruby/gems/2.5.0/gems/activerecord-5.2.4.4/lib/active_record/log_subscriber.rb:98
Processing by Rails::WelcomeController#index as HTML
  Rendering /home/roger/.rbenv/versions/2.5.1/lib/ruby/gems/2.5.0/gems/railties-5.2.4.4/lib/rails/templates/rails/welcome/index.html.erb
  Rendered /home/roger/.rbenv/versions/2.5.1/lib/ruby/gems/2.5.0/gems/railties-5.2.4.4/lib/rails/templates/rails/welcome/index.html.erb (1.3ms)
Completed 200 OK in 7ms (Views: 3.2ms | ActiveRecord: 0.0ms)


Started GET "/cats" for ::1 at 2021-01-04 19:55:47 -0800
Processing by CatsController#index as HTML
  [1m[36mCat Load (0.3ms)[0m  [1m[34mSELECT "cats".* FROM "cats"[0m
  ↳ app/controllers/cats_controller.rb:5
Completed 200 OK in 9ms (Views: 4.6ms | ActiveRecord: 3.6ms)


Started GET "/cats" for ::1 at 2021-01-04 19:56:04 -0800
Processing by CatsController#index as HTML
  [1m[36mCat Load (0.4ms)[0m  [1m[34mSELECT "cats".* FROM "cats"[0m
  ↳ app/controllers/cats_controller.rb:5
Completed 200 OK in 6ms (Views: 4.9ms | ActiveRecord: 0.4ms)


Started GET "/cats" for ::1 at 2021-01-04 19:56:12 -0800
Processing by CatsController#index as HTML
  [1m[36mCat Load (0.3ms)[0m  [1m[34mSELECT "cats".* FROM "cats"[0m
  ↳ app/controllers/cats_controller.rb:5
Completed 200 OK in 4ms (Views: 2.2ms | ActiveRecord: 0.3ms)


Started GET "/cats/1" for ::1 at 2021-01-04 19:58:59 -0800
Processing by CatsController#show as HTML
  Parameters: {"id"=>"1"}
Completed 500 Internal Server Error in 4ms (ActiveRecord: 0.0ms)



NoMethodError - undefined method `find' for nil:NilClass:
  app/controllers/cats_controller.rb:10:in `show'

Started POST "/__better_errors/0fdb30c7f103673e/variables" for ::1 at 2021-01-04 19:58:59 -0800
  [1m[36mCat Load (0.6ms)[0m  [1m[34mSELECT "cats".* FROM "cats"[0m
Started GET "/cats/1" for ::1 at 2021-01-04 20:00:10 -0800
Processing by CatsController#show as HTML
  Parameters: {"id"=>"1"}
  [1m[36mCat Load (0.2ms)[0m  [1m[34mSELECT  "cats".* FROM "cats" WHERE "cats"."id" = $1 LIMIT $2[0m  [["id", 1], ["LIMIT", 1]]
  ↳ app/controllers/cats_controller.rb:10
Completed 200 OK in 13ms (Views: 0.5ms | ActiveRecord: 3.9ms)


Started GET "/cats" for ::1 at 2021-01-04 20:00:23 -0800
Processing by CatsController#index as HTML
  [1m[36mCat Load (0.4ms)[0m  [1m[34mSELECT "cats".* FROM "cats"[0m
  ↳ app/controllers/cats_controller.rb:5
Completed 200 OK in 2ms (Views: 1.3ms | ActiveRecord: 0.4ms)


Started GET "/cats" for ::1 at 2021-01-04 20:05:42 -0800
  [1m[35m (1.3ms)[0m  [1m[34mSELECT "schema_migrations"."version" FROM "schema_migrations" ORDER BY "schema_migrations"."version" ASC[0m
  ↳ /home/roger/.rbenv/versions/2.5.1/lib/ruby/gems/2.5.0/gems/activerecord-5.2.4.4/lib/active_record/log_subscriber.rb:98
Processing by CatsController#index as HTML
  [1m[36mCat Load (1.6ms)[0m  [1m[34mSELECT "cats".* FROM "cats"[0m
  ↳ app/controllers/cats_controller.rb:5
Completed 200 OK in 15ms (Views: 4.7ms | ActiveRecord: 7.0ms)


Started GET "/cats/1" for ::1 at 2021-01-04 20:06:06 -0800
Processing by CatsController#show as HTML
  Parameters: {"id"=>"1"}
  [1m[36mCat Load (0.2ms)[0m  [1m[34mSELECT  "cats".* FROM "cats" WHERE "cats"."id" = $1 LIMIT $2[0m  [["id", 1], ["LIMIT", 1]]
  ↳ app/controllers/cats_controller.rb:10
Completed 200 OK in 4ms (Views: 0.3ms | ActiveRecord: 0.3ms)


Started GET "/cats" for ::1 at 2021-01-04 20:09:50 -0800
Processing by CatsController#index as */*
  [1m[36mCat Load (0.2ms)[0m  [1m[34mSELECT "cats".* FROM "cats"[0m
  ↳ app/controllers/cats_controller.rb:5
Completed 200 OK in 11ms (Views: 6.2ms | ActiveRecord: 3.6ms)


Started POST "/cats" for ::1 at 2021-01-04 20:11:05 -0800
Processing by CatsController#create as */*
HTTP Origin header (chrome-extension://coohjcphdfgbiolnekdpbcijmhambjff) didn't match request.base_url (http://localhost:3000)
Completed 422 Unprocessable Entity in 1ms (ActiveRecord: 0.0ms)



ActionController::InvalidAuthenticityToken - ActionController::InvalidAuthenticityToken:

Started POST "/cats" for ::1 at 2021-01-04 20:16:06 -0800
Processing by CatsController#create as */*
HTTP Origin header (chrome-extension://coohjcphdfgbiolnekdpbcijmhambjff) didn't match request.base_url (http://localhost:3000)
Completed 422 Unprocessable Entity in 1ms (ActiveRecord: 0.0ms)



ActionController::InvalidAuthenticityToken - ActionController::InvalidAuthenticityToken:

Started GET "/cats" for ::1 at 2021-01-04 20:18:14 -0800
Processing by CatsController#index as */*
  [1m[36mCat Load (0.3ms)[0m  [1m[34mSELECT "cats".* FROM "cats"[0m
  ↳ app/controllers/cats_controller.rb:5
Completed 200 OK in 2ms (Views: 1.3ms | ActiveRecord: 0.3ms)


Started POST "/cats" for ::1 at 2021-01-04 20:19:15 -0800
Processing by CatsController#create as */*
Can't verify CSRF token authenticity.
Completed 422 Unprocessable Entity in 0ms (ActiveRecord: 0.0ms)



ActionController::InvalidAuthenticityToken - ActionController::InvalidAuthenticityToken:

Started POST "/cats" for ::1 at 2021-01-04 20:19:48 -0800
Processing by CatsController#create as */*
  Parameters: {"cat"=>{"name"=>"Sally"}}
Can't verify CSRF token authenticity.
Completed 422 Unprocessable Entity in 0ms (ActiveRecord: 0.0ms)



ActionController::InvalidAuthenticityToken - ActionController::InvalidAuthenticityToken:

Started POST "/cats" for ::1 at 2021-01-04 20:21:07 -0800
Processing by CatsController#create as */*
  Parameters: {"cat"=>{"name"=>"Sally"}}
Can't verify CSRF token authenticity.
Completed 422 Unprocessable Entity in 1ms (ActiveRecord: 0.0ms)



ActionController::InvalidAuthenticityToken - ActionController::InvalidAuthenticityToken:

Started POST "/cats" for ::1 at 2021-01-04 20:21:29 -0800
  [1m[35m (0.6ms)[0m  [1m[34mSELECT "schema_migrations"."version" FROM "schema_migrations" ORDER BY "schema_migrations"."version" ASC[0m
  ↳ /home/roger/.rbenv/versions/2.5.1/lib/ruby/gems/2.5.0/gems/activerecord-5.2.4.4/lib/active_record/log_subscriber.rb:98
Processing by CatsController#create as */*
  Parameters: {"cat"=>{"name"=>"Sally"}}
Completed 500 Internal Server Error in 66ms (ActiveRecord: 0.0ms)



NoMethodError - undefined method `rener' for #<CatsController:0x00005617c34fbd58>
Did you mean?  render:
  app/controllers/cats_controller.rb:16:in `create'

Started POST "/cats" for ::1 at 2021-01-04 20:21:50 -0800
Processing by CatsController#create as */*
  Parameters: {"cat"=>{"name"=>"Sally"}}
Completed 200 OK in 0ms (Views: 0.2ms | ActiveRecord: 0.0ms)


Started POST "/cats" for ::1 at 2021-01-04 20:33:10 -0800
Processing by CatsController#create as */*
  Parameters: {"cat"=>{"name"=>"Sully"}}
  [1m[35m (0.1ms)[0m  [1m[35mBEGIN[0m
  ↳ app/controllers/cats_controller.rb:17
  [1m[36mCat Create (0.8ms)[0m  [1m[32mINSERT INTO "cats" ("name", "created_at", "updated_at") VALUES ($1, $2, $3) RETURNING "id"[0m  [["name", "Sully"], ["created_at", "2021-01-05 04:33:11.031268"], ["updated_at", "2021-01-05 04:33:11.031268"]]
  ↳ app/controllers/cats_controller.rb:17
  [1m[35m (0.5ms)[0m  [1m[35mCOMMIT[0m
  ↳ app/controllers/cats_controller.rb:17
Completed 200 OK in 13ms (Views: 0.3ms | ActiveRecord: 6.8ms)


Started POST "/cats" for ::1 at 2021-01-04 20:33:21 -0800
Processing by CatsController#create as */*
  Parameters: {"dog"=>{"name"=>"Curlly"}}
Completed 500 Internal Server Error in 1ms (ActiveRecord: 0.0ms)



NoMethodError - undefined method `[]' for nil:NilClass:
  app/controllers/cats_controller.rb:16:in `create'

Started POST "/cats" for ::1 at 2021-01-04 20:35:45 -0800
Processing by CatsController#create as */*
  Parameters: {"cat"=>{"name"=>"null"}}
  [1m[35m (0.1ms)[0m  [1m[35mBEGIN[0m
  ↳ app/controllers/cats_controller.rb:17
  [1m[36mCat Create (0.2ms)[0m  [1m[32mINSERT INTO "cats" ("name", "created_at", "updated_at") VALUES ($1, $2, $3) RETURNING "id"[0m  [["name", "null"], ["created_at", "2021-01-05 04:35:45.402772"], ["updated_at", "2021-01-05 04:35:45.402772"]]
  ↳ app/controllers/cats_controller.rb:17
  [1m[35m (0.5ms)[0m  [1m[35mCOMMIT[0m
  ↳ app/controllers/cats_controller.rb:17
Completed 200 OK in 10ms (Views: 0.2ms | ActiveRecord: 4.8ms)


Started POST "/cats" for ::1 at 2021-01-04 20:35:53 -0800
Processing by CatsController#create as */*
  Parameters: {"dog"=>{"name"=>"null"}}
Completed 500 Internal Server Error in 1ms (ActiveRecord: 0.0ms)



NoMethodError - undefined method `[]' for nil:NilClass:
  app/controllers/cats_controller.rb:16:in `create'

Started POST "/cats" for ::1 at 2021-01-04 20:36:08 -0800
Processing by CatsController#create as */*
  Parameters: {"cat"=>{"age"=>"3"}}
  [1m[35m (0.3ms)[0m  [1m[35mBEGIN[0m
  ↳ app/controllers/cats_controller.rb:17
  [1m[35m (0.1ms)[0m  [1m[31mROLLBACK[0m
  ↳ app/controllers/cats_controller.rb:17
Completed 200 OK in 12ms (Views: 0.2ms | ActiveRecord: 0.4ms)


Started POST "/cats" for ::1 at 2021-01-04 20:37:08 -0800
Processing by CatsController#create as */*
  Parameters: {"cat"=>{"age"=>"3"}}
  [1m[35m (0.1ms)[0m  [1m[35mBEGIN[0m
  ↳ app/controllers/cats_controller.rb:17
  [1m[35m (0.1ms)[0m  [1m[31mROLLBACK[0m
  ↳ app/controllers/cats_controller.rb:17
Completed 422 Unprocessable Entity in 9ms (Views: 0.1ms | ActiveRecord: 4.0ms)


  [1m[35m (0.2ms)[0m  [1m[34mSELECT pg_try_advisory_lock(8723997314899073970)[0m
  ↳ bin/rails:9
  [1m[35m (0.5ms)[0m  [1m[34mSELECT "schema_migrations"."version" FROM "schema_migrations" ORDER BY "schema_migrations"."version" ASC[0m
  ↳ bin/rails:9
Migrating to Toys (20210105050421)
  [1m[35m (0.2ms)[0m  [1m[34mSELECT pg_advisory_unlock(8723997314899073970)[0m
  ↳ bin/rails:9
  [1m[35m (0.1ms)[0m  [1m[34mSELECT pg_try_advisory_lock(8723997314899073970)[0m
  ↳ bin/rails:9
  [1m[35m (0.6ms)[0m  [1m[34mSELECT "schema_migrations"."version" FROM "schema_migrations" ORDER BY "schema_migrations"."version" ASC[0m
  ↳ bin/rails:9
Migrating to Toys (20210105050421)
  [1m[35m (0.1ms)[0m  [1m[35mBEGIN[0m
  ↳ bin/rails:9
  [1m[35m (0.1ms)[0m  [1m[31mROLLBACK[0m
  ↳ bin/rails:9
  [1m[35m (0.1ms)[0m  [1m[34mSELECT pg_advisory_unlock(8723997314899073970)[0m
  ↳ bin/rails:9
  [1m[35m (0.1ms)[0m  [1m[34mSELECT pg_try_advisory_lock(8723997314899073970)[0m
  ↳ bin/rails:9
  [1m[35m (0.6ms)[0m  [1m[34mSELECT "schema_migrations"."version" FROM "schema_migrations" ORDER BY "schema_migrations"."version" ASC[0m
  ↳ bin/rails:9
Migrating to Toys (20210105050421)
  [1m[35m (0.1ms)[0m  [1m[35mBEGIN[0m
  ↳ bin/rails:9
  [1m[35m (20.7ms)[0m  [1m[35mCREATE TABLE "toys" ("id" bigserial primary key, "cat_id" integer NOT NULL, "name" character varying NOT NULL, "type" character varying NOT NULL, "created_at" timestamp NOT NULL, "updated_at" timestamp NOT NULL)[0m
  ↳ db/migrate/20210105050421_toys.rb:3
  [1m[36mActiveRecord::SchemaMigration Create (0.3ms)[0m  [1m[32mINSERT INTO "schema_migrations" ("version") VALUES ($1) RETURNING "version"[0m  [["version", "20210105050421"]]
  ↳ bin/rails:9
  [1m[35m (1.0ms)[0m  [1m[35mCOMMIT[0m
  ↳ bin/rails:9
  [1m[36mActiveRecord::InternalMetadata Load (0.6ms)[0m  [1m[34mSELECT  "ar_internal_metadata".* FROM "ar_internal_metadata" WHERE "ar_internal_metadata"."key" = $1 LIMIT $2[0m  [["key", "environment"], ["LIMIT", 1]]
  ↳ bin/rails:9
  [1m[35m (0.1ms)[0m  [1m[35mBEGIN[0m
  ↳ bin/rails:9
  [1m[35m (0.1ms)[0m  [1m[35mCOMMIT[0m
  ↳ bin/rails:9
  [1m[35m (0.2ms)[0m  [1m[34mSELECT pg_advisory_unlock(8723997314899073970)[0m
  ↳ bin/rails:9
  [1m[35m (0.2ms)[0m  [1m[34mSELECT "schema_migrations"."version" FROM "schema_migrations" ORDER BY "schema_migrations"."version" ASC[0m
  ↳ bin/rails:9
  [1m[35m (0.4ms)[0m  [1m[34mSELECT "schema_migrations"."version" FROM "schema_migrations" ORDER BY "schema_migrations"."version" ASC[0m
  ↳ bin/rails:9
  [1m[36mCat Load (0.2ms)[0m  [1m[34mSELECT  "cats".* FROM "cats" ORDER BY "cats"."id" ASC LIMIT $1[0m  [["LIMIT", 1]]
  [1m[36mCat Load (0.2ms)[0m  [1m[34mSELECT  "cats".* FROM "cats" ORDER BY "cats"."id" ASC LIMIT $1[0m  [["LIMIT", 1]]
  [1m[35m (0.6ms)[0m  [1m[34mSELECT "schema_migrations"."version" FROM "schema_migrations" ORDER BY "schema_migrations"."version" ASC[0m
  ↳ bin/rails:9
  [1m[35m (0.1ms)[0m  [1m[34mSELECT "schema_migrations"."version" FROM "schema_migrations" ORDER BY "schema_migrations"."version" ASC[0m
  ↳ bin/rails:9
  [1m[35m (0.1ms)[0m  [1m[34mSELECT "schema_migrations"."version" FROM "schema_migrations" ORDER BY "schema_migrations"."version" ASC[0m
  ↳ bin/rails:9
  [1m[35m (0.1ms)[0m  [1m[34mSELECT pg_try_advisory_lock(8723997314899073970)[0m
  ↳ bin/rails:9
  [1m[35m (0.1ms)[0m  [1m[34mSELECT "schema_migrations"."version" FROM "schema_migrations" ORDER BY "schema_migrations"."version" ASC[0m
  ↳ bin/rails:9
Migrating to Toys (20210105050421)
  [1m[35m (0.1ms)[0m  [1m[35mBEGIN[0m
  ↳ bin/rails:9
  [1m[35m (1.7ms)[0m  [1m[35mDROP TABLE "toys"[0m
  ↳ bin/rails:9
  [1m[36mActiveRecord::SchemaMigration Destroy (0.4ms)[0m  [1m[31mDELETE FROM "schema_migrations" WHERE "schema_migrations"."version" = $1[0m  [["version", "20210105050421"]]
  ↳ bin/rails:9
  [1m[35m (1.2ms)[0m  [1m[35mCOMMIT[0m
  ↳ bin/rails:9
  [1m[35m (0.2ms)[0m  [1m[34mSELECT pg_advisory_unlock(8723997314899073970)[0m
  ↳ bin/rails:9
  [1m[35m (0.2ms)[0m  [1m[34mSELECT "schema_migrations"."version" FROM "schema_migrations" ORDER BY "schema_migrations"."version" ASC[0m
  ↳ bin/rails:9
  [1m[35m (0.1ms)[0m  [1m[34mSELECT pg_try_advisory_lock(8723997314899073970)[0m
  ↳ bin/rails:9
  [1m[35m (0.2ms)[0m  [1m[34mSELECT "schema_migrations"."version" FROM "schema_migrations" ORDER BY "schema_migrations"."version" ASC[0m
  ↳ bin/rails:9
Migrating to Toys (20210105050421)
  [1m[35m (0.1ms)[0m  [1m[35mBEGIN[0m
  ↳ bin/rails:9
  [1m[35m (4.1ms)[0m  [1m[35mCREATE TABLE "toys" ("id" bigserial primary key, "cat_id" integer NOT NULL, "name" character varying NOT NULL, "ttype" character varying NOT NULL, "created_at" timestamp NOT NULL, "updated_at" timestamp NOT NULL)[0m
  ↳ db/migrate/20210105050421_toys.rb:3
  [1m[36mActiveRecord::SchemaMigration Create (0.2ms)[0m  [1m[32mINSERT INTO "schema_migrations" ("version") VALUES ($1) RETURNING "version"[0m  [["version", "20210105050421"]]
  ↳ bin/rails:9
  [1m[35m (0.9ms)[0m  [1m[35mCOMMIT[0m
  ↳ bin/rails:9
  [1m[36mActiveRecord::InternalMetadata Load (0.3ms)[0m  [1m[34mSELECT  "ar_internal_metadata".* FROM "ar_internal_metadata" WHERE "ar_internal_metadata"."key" = $1 LIMIT $2[0m  [["key", "environment"], ["LIMIT", 1]]
  ↳ bin/rails:9
  [1m[35m (0.1ms)[0m  [1m[35mBEGIN[0m
  ↳ bin/rails:9
  [1m[35m (0.1ms)[0m  [1m[35mCOMMIT[0m
  ↳ bin/rails:9
  [1m[35m (0.1ms)[0m  [1m[34mSELECT pg_advisory_unlock(8723997314899073970)[0m
  ↳ bin/rails:9
  [1m[35m (0.2ms)[0m  [1m[34mSELECT "schema_migrations"."version" FROM "schema_migrations" ORDER BY "schema_migrations"."version" ASC[0m
  ↳ bin/rails:9
  [1m[36mCat Load (0.3ms)[0m  [1m[34mSELECT  "cats".* FROM "cats" ORDER BY "cats"."id" ASC LIMIT $1[0m  [["LIMIT", 1]]
  [1m[35m (0.1ms)[0m  [1m[35mBEGIN[0m
  [1m[36mCat Load (0.1ms)[0m  [1m[34mSELECT  "cats".* FROM "cats" WHERE "cats"."id" = $1 LIMIT $2[0m  [["id", 1], ["LIMIT", 1]]
  [1m[36mToy Create (0.6ms)[0m  [1m[32mINSERT INTO "toys" ("cat_id", "name", "ttype", "created_at", "updated_at") VALUES ($1, $2, $3, $4, $5) RETURNING "id"[0m  [["cat_id", 1], ["name", "Billy"], ["ttype", "yarnball"], ["created_at", "2021-01-05 05:17:50.794784"], ["updated_at", "2021-01-05 05:17:50.794784"]]
  [1m[35m (0.7ms)[0m  [1m[35mCOMMIT[0m
  [1m[36mCat Load (0.4ms)[0m  [1m[34mSELECT  "cats".* FROM "cats" WHERE "cats"."id" = $1 LIMIT $2[0m  [["id", 1], ["LIMIT", 1]]
  [1m[36mToy Load (0.3ms)[0m  [1m[34mSELECT "toys".* FROM "toys" WHERE "toys"."cat_id" = $1[0m  [["cat_id", 1]]
